{
  "RSpec": {
    "coverage": {
      "/Users/weistrand/84codes/prometheus_parser/lib/prometheus_parser.rb": {
        "lines": [
          1,
          1,
          1,
          0,
          null,
          null,
          null,
          1,
          1,
          1,
          1,
          null,
          1,
          0,
          0,
          0,
          0,
          0,
          0,
          null,
          0,
          0,
          0,
          0,
          0,
          0,
          0,
          0,
          null,
          0,
          null,
          null,
          1,
          0,
          0,
          0,
          0,
          0,
          0,
          null,
          0,
          0,
          0,
          0,
          0,
          null,
          0,
          0,
          0,
          0,
          null,
          0,
          null,
          0,
          null,
          null
        ]
      }
    },
    "timestamp": 1682412526
  }
}
